[debug] [2021-06-29T21:40:57.841Z] ----------------------------------------------------------------------
[debug] [2021-06-29T21:40:57.847Z] Command:       /home/sindara/.nvm/versions/node/v15.5.1/bin/node /home/sindara/.nvm/versions/node/v15.5.1/bin/firebase deploy --only functions
[debug] [2021-06-29T21:40:57.848Z] CLI Version:   9.14.0
[debug] [2021-06-29T21:40:57.848Z] Platform:      linux
[debug] [2021-06-29T21:40:57.848Z] Node Version:  v15.5.1
[debug] [2021-06-29T21:40:57.902Z] Time:          Tue Jun 29 2021 22:40:57 GMT+0100 (West Africa Standard Time)
[debug] [2021-06-29T21:40:57.903Z] ----------------------------------------------------------------------
[debug] 
[debug] [2021-06-29T21:40:57.909Z] >>> [apiv2][query] GET https://firebase-public.firebaseio.com/cli.json [none]
[debug] [2021-06-29T21:40:58.078Z] > command requires scopes: ["email","openid","https://www.googleapis.com/auth/cloudplatformprojects.readonly","https://www.googleapis.com/auth/firebase","https://www.googleapis.com/auth/cloud-platform"]
[debug] [2021-06-29T21:40:58.078Z] > authorizing via signed-in user (koikibabatunde14@gmail.com)
[debug] [2021-06-29T21:40:58.078Z] [iam] checking project testproject2-73370 for permissions ["cloudfunctions.functions.create","cloudfunctions.functions.delete","cloudfunctions.functions.get","cloudfunctions.functions.list","cloudfunctions.functions.update","cloudfunctions.operations.get","firebase.projects.get"]
[debug] [2021-06-29T21:40:58.081Z] >>> HTTP REQUEST POST https://cloudresourcemanager.googleapis.com/v1/projects/testproject2-73370:testIamPermissions  
 {"permissions":["cloudfunctions.functions.create","cloudfunctions.functions.delete","cloudfunctions.functions.get","cloudfunctions.functions.list","cloudfunctions.functions.update","cloudfunctions.operations.get","firebase.projects.get"]}
[debug] [2021-06-29T21:40:59.057Z] <<< [apiv2][status] GET https://firebase-public.firebaseio.com/cli.json 200
[debug] [2021-06-29T21:40:59.064Z] <<< [apiv2][body] GET https://firebase-public.firebaseio.com/cli.json {"cloudBuildErrorAfter":1594252800000,"cloudBuildWarnAfter":1590019200000,"defaultNode10After":1594252800000,"minVersion":"3.0.5","node8DeploysDisabledAfter":1613390400000,"node8RuntimeDisabledAfter":1615809600000,"node8WarnAfter":1600128000000}
[debug] [2021-06-29T21:40:59.607Z] <<< HTTP RESPONSE 200 {"content-type":"application/json; charset=UTF-8","vary":"X-Origin, Referer, Origin,Accept-Encoding","date":"Tue, 29 Jun 2021 21:40:59 GMT","server":"ESF","cache-control":"private","x-xss-protection":"0","x-frame-options":"SAMEORIGIN","x-content-type-options":"nosniff","server-timing":"gfet4t7; dur=1107","alt-svc":"h3=\":443\"; ma=2592000,h3-29=\":443\"; ma=2592000,h3-T051=\":443\"; ma=2592000,h3-Q050=\":443\"; ma=2592000,h3-Q046=\":443\"; ma=2592000,h3-Q043=\":443\"; ma=2592000,quic=\":443\"; ma=2592000; v=\"46,43\"","accept-ranges":"none","transfer-encoding":"chunked"}
[debug] [2021-06-29T21:40:59.609Z] >>> HTTP REQUEST POST https://iam.googleapis.com/v1/projects/testproject2-73370/serviceAccounts/testproject2-73370@appspot.gserviceaccount.com:testIamPermissions  
 {"permissions":["iam.serviceAccounts.actAs"]}
[debug] [2021-06-29T21:41:00.921Z] <<< HTTP RESPONSE 200 {"content-type":"application/json; charset=UTF-8","vary":"X-Origin, Referer, Origin,Accept-Encoding","date":"Tue, 29 Jun 2021 21:41:00 GMT","server":"ESF","cache-control":"private","x-xss-protection":"0","x-frame-options":"SAMEORIGIN","x-content-type-options":"nosniff","alt-svc":"h3=\":443\"; ma=2592000,h3-29=\":443\"; ma=2592000,h3-T051=\":443\"; ma=2592000,h3-Q050=\":443\"; ma=2592000,h3-Q046=\":443\"; ma=2592000,h3-Q043=\":443\"; ma=2592000,quic=\":443\"; ma=2592000; v=\"46,43\"","accept-ranges":"none","transfer-encoding":"chunked"}
[info] 
[info] === Deploying to 'testproject2-73370'...
[info] 
[info] i  deploying functions 
[debug] [2021-06-29T21:41:00.945Z] Validating nodejs source
[debug] [2021-06-29T21:41:07.532Z] > [functions] package.json contents: {
  "name": "functions",
  "description": "Cloud Functions for Firebase",
  "scripts": {
    "serve": "firebase emulators:start --only functions",
    "shell": "firebase functions:shell",
    "start": "npm run shell",
    "deploy": "firebase deploy --only functions",
    "logs": "firebase functions:log"
  },
  "engines": {
    "node": "14"
  },
  "main": "index.js",
  "dependencies": {
    "bcrypt": "^5.0.1",
    "cors": "^2.8.5",
    "firebase-admin": "^9.10.0",
    "firebase-functions": "^3.14.1"
  },
  "devDependencies": {
    "firebase-functions-test": "^0.2.0"
  },
  "private": true
}
[debug] [2021-06-29T21:41:07.533Z] Building nodejs source
[info] i  functions: ensuring required API cloudfunctions.googleapis.com is enabled... 
[info] i  functions: ensuring required API cloudbuild.googleapis.com is enabled... 
[debug] [2021-06-29T21:41:07.545Z] >>> HTTP REQUEST GET https://serviceusage.googleapis.com/v1/projects/testproject2-73370/services/cloudfunctions.googleapis.com  
 
[debug] [2021-06-29T21:41:07.546Z] >>> HTTP REQUEST GET https://serviceusage.googleapis.com/v1/projects/testproject2-73370/services/runtimeconfig.googleapis.com  
 
[debug] [2021-06-29T21:41:07.547Z] >>> HTTP REQUEST GET https://serviceusage.googleapis.com/v1/projects/testproject2-73370/services/cloudbuild.googleapis.com  
 
[debug] [2021-06-29T21:41:09.362Z] <<< HTTP RESPONSE 200 {"content-type":"application/json; charset=UTF-8","vary":"X-Origin, Referer, Origin,Accept-Encoding","date":"Tue, 29 Jun 2021 21:41:09 GMT","server":"ESF","cache-control":"private","x-xss-protection":"0","x-frame-options":"SAMEORIGIN","x-content-type-options":"nosniff","alt-svc":"h3=\":443\"; ma=2592000,h3-29=\":443\"; ma=2592000,h3-T051=\":443\"; ma=2592000,h3-Q050=\":443\"; ma=2592000,h3-Q046=\":443\"; ma=2592000,h3-Q043=\":443\"; ma=2592000,quic=\":443\"; ma=2592000; v=\"46,43\"","accept-ranges":"none","transfer-encoding":"chunked"}
[debug] [2021-06-29T21:41:09.807Z] <<< HTTP RESPONSE 200 {"content-type":"application/json; charset=UTF-8","vary":"X-Origin, Referer, Origin,Accept-Encoding","date":"Tue, 29 Jun 2021 21:41:09 GMT","server":"ESF","cache-control":"private","x-xss-protection":"0","x-frame-options":"SAMEORIGIN","x-content-type-options":"nosniff","alt-svc":"h3=\":443\"; ma=2592000,h3-29=\":443\"; ma=2592000,h3-T051=\":443\"; ma=2592000,h3-Q050=\":443\"; ma=2592000,h3-Q046=\":443\"; ma=2592000,h3-Q043=\":443\"; ma=2592000,quic=\":443\"; ma=2592000; v=\"46,43\"","accept-ranges":"none","transfer-encoding":"chunked"}
[info] ✔  functions: required API cloudbuild.googleapis.com is enabled 
[debug] [2021-06-29T21:41:10.531Z] <<< HTTP RESPONSE 200 {"content-type":"application/json; charset=UTF-8","vary":"X-Origin, Referer, Origin,Accept-Encoding","date":"Tue, 29 Jun 2021 21:41:09 GMT","server":"ESF","cache-control":"private","x-xss-protection":"0","x-frame-options":"SAMEORIGIN","x-content-type-options":"nosniff","alt-svc":"h3=\":443\"; ma=2592000,h3-29=\":443\"; ma=2592000,h3-T051=\":443\"; ma=2592000,h3-Q050=\":443\"; ma=2592000,h3-Q046=\":443\"; ma=2592000,h3-Q043=\":443\"; ma=2592000,quic=\":443\"; ma=2592000; v=\"46,43\"","accept-ranges":"none","transfer-encoding":"chunked"}
[info] ✔  functions: required API cloudfunctions.googleapis.com is enabled 
[debug] [2021-06-29T21:41:10.532Z] >>> HTTP REQUEST GET https://firebase.googleapis.com/v1beta1/projects/testproject2-73370/adminSdkConfig  
 
[debug] [2021-06-29T21:41:11.124Z] <<< HTTP RESPONSE 200 {"content-type":"application/json; charset=UTF-8","vary":"X-Origin, Referer, Origin,Accept-Encoding","date":"Tue, 29 Jun 2021 21:41:11 GMT","server":"ESF","cache-control":"private","x-xss-protection":"0","x-frame-options":"SAMEORIGIN","x-content-type-options":"nosniff","alt-svc":"h3=\":443\"; ma=2592000,h3-29=\":443\"; ma=2592000,h3-T051=\":443\"; ma=2592000,h3-Q050=\":443\"; ma=2592000,h3-Q046=\":443\"; ma=2592000,h3-Q043=\":443\"; ma=2592000,quic=\":443\"; ma=2592000; v=\"46,43\"","accept-ranges":"none","transfer-encoding":"chunked"}
[debug] [2021-06-29T21:41:11.125Z] >>> HTTP REQUEST GET https://runtimeconfig.googleapis.com/v1beta1/projects/testproject2-73370/configs  
 
[debug] [2021-06-29T21:41:11.862Z] <<< HTTP RESPONSE 200 {"content-type":"application/json; charset=UTF-8","vary":"X-Origin, Referer, Origin,Accept-Encoding","date":"Tue, 29 Jun 2021 21:41:11 GMT","server":"ESF","cache-control":"private","x-xss-protection":"0","x-frame-options":"SAMEORIGIN","x-content-type-options":"nosniff","alt-svc":"h3=\":443\"; ma=2592000,h3-29=\":443\"; ma=2592000,h3-T051=\":443\"; ma=2592000,h3-Q050=\":443\"; ma=2592000,h3-Q046=\":443\"; ma=2592000,h3-Q043=\":443\"; ma=2592000,quic=\":443\"; ma=2592000; v=\"46,43\"","accept-ranges":"none","transfer-encoding":"chunked"}
[debug] [2021-06-29T21:41:11.863Z] Analyzing nodejs backend spec
[info] i  functions: preparing functions directory for uploading... 
[info] i  functions: packaged functions (58.71 KB) for uploading 
[debug] [2021-06-29T21:41:14.792Z] >>> HTTP REQUEST GET https://cloudfunctions.googleapis.com/v1/projects/testproject2-73370/locations/-/functions  
 
[debug] [2021-06-29T21:41:15.593Z] <<< HTTP RESPONSE 200 {"content-type":"application/json; charset=UTF-8","vary":"X-Origin, Referer, Origin,Accept-Encoding","date":"Tue, 29 Jun 2021 21:41:15 GMT","server":"ESF","cache-control":"private","x-xss-protection":"0","x-frame-options":"SAMEORIGIN","x-content-type-options":"nosniff","alt-svc":"h3=\":443\"; ma=2592000,h3-29=\":443\"; ma=2592000,h3-T051=\":443\"; ma=2592000,h3-Q050=\":443\"; ma=2592000,h3-Q046=\":443\"; ma=2592000,h3-Q043=\":443\"; ma=2592000,quic=\":443\"; ma=2592000; v=\"46,43\"","accept-ranges":"none","transfer-encoding":"chunked"}
[debug] [2021-06-29T21:41:15.597Z] >>> HTTP REQUEST POST https://cloudfunctions.googleapis.com/v1/projects/testproject2-73370/locations/us-central1/functions:generateUploadUrl  
 
[debug] [2021-06-29T21:41:16.374Z] <<< HTTP RESPONSE 200 {"content-type":"application/json; charset=UTF-8","vary":"X-Origin, Referer, Origin,Accept-Encoding","date":"Tue, 29 Jun 2021 21:41:16 GMT","server":"ESF","cache-control":"private","x-xss-protection":"0","x-frame-options":"SAMEORIGIN","x-content-type-options":"nosniff","alt-svc":"h3=\":443\"; ma=2592000,h3-29=\":443\"; ma=2592000,h3-T051=\":443\"; ma=2592000,h3-Q050=\":443\"; ma=2592000,h3-Q046=\":443\"; ma=2592000,h3-Q043=\":443\"; ma=2592000,quic=\":443\"; ma=2592000; v=\"46,43\"","accept-ranges":"none","transfer-encoding":"chunked"}
[debug] [2021-06-29T21:41:16.378Z] >>> HTTP REQUEST PUT https://storage.googleapis.com/gcf-upload-us-central1-d3f0a16b-3907-43e4-b725-459b95f873b3/4b73afe6-8111-46e8-8429-c10f987ab2c6.zip?GoogleAccessId=service-705516870157@gcf-admin-robot.iam.gserviceaccount.com&Expires=1625004676&Signature=mWDeH98ObYmmHfM17aEep5N7%2Fw7w54GlLyo0A%2FEOSt89IpdxwwHtqKqFGDjP4ZLBEZCxfZ5Y0btKcuNtaO5GEs0hG4J%2FhWD%2Fq2B9SUwfBnPzTbyWLTFK7VWLf5%2FkZ9qdD3daCyZ01sh2bbL6ccc%2FfI%2FLB3phV6DPTascSrFhlE17GnSEHIHVvH50arCmzg4PB0b5dH6npl7lq%2BS0O1E%2FCsNChGK0a6iy%2BrBF7fNoIBsztP5uCON9RyZQGZIh466COCqAxVCVFYug7oPZflCDtqyOFIsixWL0wxSsoe2XVQ6BMiUtdIvvM6OJyauIBuib3gfKzjJrOROP2CQ5%2BYqWAw%3D%3D  
 <request body omitted>
[debug] [2021-06-29T21:41:17.689Z] <<< HTTP RESPONSE 200 {"x-guploader-uploadid":"ADPycdv9J5oDEEB2aw--SZw0H_J8ljfBjh7wOF2IxzPKPSq0o8SzTbT8AGtPBro7fN5a5Bf9li1dgEjgE9bkDw4c6ZkFUWxyRw","etag":"\"5f6a6ce0e0bb63bd7cc188465b2fefe4\"","x-goog-generation":"1625002877519851","x-goog-metageneration":"1","x-goog-hash":"crc32c=q3NgxQ==, md5=X2ps4OC7Y718wYhGWy/v5A==","x-goog-stored-content-length":"60115","x-goog-stored-content-encoding":"identity","vary":"Origin","content-length":"0","date":"Tue, 29 Jun 2021 21:41:17 GMT","server":"UploadServer","content-type":"text/html; charset=UTF-8","alt-svc":"h3=\":443\"; ma=2592000,h3-29=\":443\"; ma=2592000,h3-T051=\":443\"; ma=2592000,h3-Q050=\":443\"; ma=2592000,h3-Q046=\":443\"; ma=2592000,h3-Q043=\":443\"; ma=2592000,quic=\":443\"; ma=2592000; v=\"46,43\""}
[info] ✔  functions: functions folder uploaded successfully 
[info] 
The following functions are found in your project but do not exist in your local source code:
	create_data(us-central1)
	login(us-central1)
	register(us-central1)

If you are renaming a function or changing its region, it is recommended that you create the new function first before deleting the old one to prevent event loss. For more info, visit https://firebase.google.com/docs/functions/manage-functions#modify

[info] i  functions: updating Node.js 14 function add_log(us-central1)... 
[debug] [2021-06-29T21:43:01.510Z] >>> HTTP REQUEST PATCH https://cloudfunctions.googleapis.com/v1/projects/testproject2-73370/locations/us-central1/functions/add_log {"updateMask":"name,sourceUploadUrl,entryPoint,runtime,eventTrigger.eventType,eventTrigger.resource,eventTrigger.failurePolicy,labels,environmentVariables"} 
 {"name":"projects/testproject2-73370/locations/us-central1/functions/add_log","sourceUploadUrl":"https://storage.googleapis.com/gcf-upload-us-central1-d3f0a16b-3907-43e4-b725-459b95f873b3/4b73afe6-8111-46e8-8429-c10f987ab2c6.zip?GoogleAccessId=service-705516870157@gcf-admin-robot.iam.gserviceaccount.com&Expires=1625004676&Signature=mWDeH98ObYmmHfM17aEep5N7%2Fw7w54GlLyo0A%2FEOSt89IpdxwwHtqKqFGDjP4ZLBEZCxfZ5Y0btKcuNtaO5GEs0hG4J%2FhWD%2Fq2B9SUwfBnPzTbyWLTFK7VWLf5%2FkZ9qdD3daCyZ01sh2bbL6ccc%2FfI%2FLB3phV6DPTascSrFhlE17GnSEHIHVvH50arCmzg4PB0b5dH6npl7lq%2BS0O1E%2FCsNChGK0a6iy%2BrBF7fNoIBsztP5uCON9RyZQGZIh466COCqAxVCVFYug7oPZflCDtqyOFIsixWL0wxSsoe2XVQ6BMiUtdIvvM6OJyauIBuib3gfKzjJrOROP2CQ5%2BYqWAw%3D%3D","entryPoint":"add_log","runtime":"nodejs14","eventTrigger":{"eventType":"providers/cloud.firestore/eventTypes/document.create","resource":"projects/testproject2-73370/databases/(default)/documents/data/{dataId}"},"labels":{"deployment-tool":"cli-firebase"},"environmentVariables":{"FIREBASE_CONFIG":"{\"projectId\":\"testproject2-73370\",\"storageBucket\":\"testproject2-73370.appspot.com\",\"locationId\":\"us-central\"}"}}
[debug] [2021-06-29T21:43:02.273Z] <<< HTTP RESPONSE 200 {"content-type":"application/json; charset=UTF-8","vary":"X-Origin, Referer, Origin,Accept-Encoding","date":"Tue, 29 Jun 2021 21:43:02 GMT","server":"ESF","cache-control":"private","x-xss-protection":"0","x-frame-options":"SAMEORIGIN","x-content-type-options":"nosniff","alt-svc":"h3=\":443\"; ma=2592000,h3-29=\":443\"; ma=2592000,h3-T051=\":443\"; ma=2592000,h3-Q050=\":443\"; ma=2592000,h3-Q046=\":443\"; ma=2592000,h3-Q043=\":443\"; ma=2592000,quic=\":443\"; ma=2592000; v=\"46,43\"","accept-ranges":"none","transfer-encoding":"chunked"}
[debug] [2021-06-29T21:43:02.274Z] > refreshing access token with scopes: []
[debug] [2021-06-29T21:43:02.275Z] >>> HTTP REQUEST POST https://www.googleapis.com/oauth2/v3/token  
 <request body omitted>
[debug] [2021-06-29T21:43:02.642Z] <<< HTTP RESPONSE 200 {"pragma":"no-cache","date":"Tue, 29 Jun 2021 21:43:02 GMT","expires":"Mon, 01 Jan 1990 00:00:00 GMT","cache-control":"no-cache, no-store, max-age=0, must-revalidate","content-type":"application/json; charset=utf-8","vary":"X-Origin, Referer, Origin,Accept-Encoding","server":"scaffolding on HTTPServer2","x-xss-protection":"0","x-frame-options":"SAMEORIGIN","x-content-type-options":"nosniff","alt-svc":"h3=\":443\"; ma=2592000,h3-29=\":443\"; ma=2592000,h3-T051=\":443\"; ma=2592000,h3-Q050=\":443\"; ma=2592000,h3-Q046=\":443\"; ma=2592000,h3-Q043=\":443\"; ma=2592000,quic=\":443\"; ma=2592000; v=\"46,43\"","accept-ranges":"none","transfer-encoding":"chunked"}
[debug] [2021-06-29T21:43:02.731Z] >>> [apiv2][query] GET https://cloudfunctions.googleapis.com/v1/operations/dGVzdHByb2plY3QyLTczMzcwL3VzLWNlbnRyYWwxL2FkZF9sb2cvd0hpeWw4eXFpWlk [none]
[debug] [2021-06-29T21:43:03.186Z] <<< [apiv2][status] GET https://cloudfunctions.googleapis.com/v1/operations/dGVzdHByb2plY3QyLTczMzcwL3VzLWNlbnRyYWwxL2FkZF9sb2cvd0hpeWw4eXFpWlk 200
[debug] [2021-06-29T21:43:03.186Z] <<< [apiv2][body] GET https://cloudfunctions.googleapis.com/v1/operations/dGVzdHByb2plY3QyLTczMzcwL3VzLWNlbnRyYWwxL2FkZF9sb2cvd0hpeWw4eXFpWlk {"name":"operations/dGVzdHByb2plY3QyLTczMzcwL3VzLWNlbnRyYWwxL2FkZF9sb2cvd0hpeWw4eXFpWlk","metadata":{"@type":"type.googleapis.com/google.cloud.functions.v1.OperationMetadataV1","target":"projects/testproject2-73370/locations/us-central1/functions/add_log","type":"UPDATE_FUNCTION","request":{"@type":"type.googleapis.com/google.cloud.functions.v1.CloudFunction","name":"projects/testproject2-73370/locations/us-central1/functions/add_log","eventTrigger":{"eventType":"providers/cloud.firestore/eventTypes/document.create","resource":"projects/testproject2-73370/databases/(default)/documents/data/{dataId}","service":"firestore.googleapis.com"},"status":"ACTIVE","entryPoint":"add_log","timeout":"60s","availableMemoryMb":256,"serviceAccountEmail":"testproject2-73370@appspot.gserviceaccount.com","updateTime":"2021-06-29T21:16:25.339Z","versionId":"22","labels":{"deployment-tool":"cli-firebase"},"sourceUploadUrl":"https://storage.googleapis.com/gcf-upload-us-central1-d3f0a16b-3907-43e4-b725-459b95f873b3/4b73afe6-8111-46e8-8429-c10f987ab2c6.zip?GoogleAccessId=service-705516870157@gcf-admin-robot.iam.gserviceaccount.com&Expires=1625004676&Signature=mWDeH98ObYmmHfM17aEep5N7%2Fw7w54GlLyo0A%2FEOSt89IpdxwwHtqKqFGDjP4ZLBEZCxfZ5Y0btKcuNtaO5GEs0hG4J%2FhWD%2Fq2B9SUwfBnPzTbyWLTFK7VWLf5%2FkZ9qdD3daCyZ01sh2bbL6ccc%2FfI%2FLB3phV6DPTascSrFhlE17GnSEHIHVvH50arCmzg4PB0b5dH6npl7lq%2BS0O1E%2FCsNChGK0a6iy%2BrBF7fNoIBsztP5uCON9RyZQGZIh466COCqAxVCVFYug7oPZflCDtqyOFIsixWL0wxSsoe2XVQ6BMiUtdIvvM6OJyauIBuib3gfKzjJrOROP2CQ5%2BYqWAw%3D%3D","environmentVariables":{"FIREBASE_CONFIG":"{\"projectId\":\"testproject2-73370\",\"storageBucket\":\"testproject2-73370.appspot.com\",\"locationId\":\"us-central\"}"},"runtime":"nodejs14","ingressSettings":"ALLOW_ALL","buildId":"b4506c9e-0e78-46f2-9e13-0b8f8165ea89"},"versionId":"23","updateTime":"2021-06-29T21:43:02Z","buildId":"d3781c76-987d-4e12-ac8b-ce3a13e5f1d3","buildName":"projects/705516870157/locations/us-central1/builds/d3781c76-987d-4e12-ac8b-ce3a13e5f1d3"}}
[debug] [2021-06-29T21:43:03.688Z] [update-projects/testproject2-73370/locations/us-central1/functions/add_log] Retrying task index 0
[debug] [2021-06-29T21:43:03.689Z] >>> [apiv2][query] GET https://cloudfunctions.googleapis.com/v1/operations/dGVzdHByb2plY3QyLTczMzcwL3VzLWNlbnRyYWwxL2FkZF9sb2cvd0hpeWw4eXFpWlk [none]
[debug] [2021-06-29T21:43:04.153Z] <<< [apiv2][status] GET https://cloudfunctions.googleapis.com/v1/operations/dGVzdHByb2plY3QyLTczMzcwL3VzLWNlbnRyYWwxL2FkZF9sb2cvd0hpeWw4eXFpWlk 200
[debug] [2021-06-29T21:43:04.153Z] <<< [apiv2][body] GET https://cloudfunctions.googleapis.com/v1/operations/dGVzdHByb2plY3QyLTczMzcwL3VzLWNlbnRyYWwxL2FkZF9sb2cvd0hpeWw4eXFpWlk {"name":"operations/dGVzdHByb2plY3QyLTczMzcwL3VzLWNlbnRyYWwxL2FkZF9sb2cvd0hpeWw4eXFpWlk","metadata":{"@type":"type.googleapis.com/google.cloud.functions.v1.OperationMetadataV1","target":"projects/testproject2-73370/locations/us-central1/functions/add_log","type":"UPDATE_FUNCTION","request":{"@type":"type.googleapis.com/google.cloud.functions.v1.CloudFunction","name":"projects/testproject2-73370/locations/us-central1/functions/add_log","eventTrigger":{"eventType":"providers/cloud.firestore/eventTypes/document.create","resource":"projects/testproject2-73370/databases/(default)/documents/data/{dataId}","service":"firestore.googleapis.com"},"status":"ACTIVE","entryPoint":"add_log","timeout":"60s","availableMemoryMb":256,"serviceAccountEmail":"testproject2-73370@appspot.gserviceaccount.com","updateTime":"2021-06-29T21:16:25.339Z","versionId":"22","labels":{"deployment-tool":"cli-firebase"},"sourceUploadUrl":"https://storage.googleapis.com/gcf-upload-us-central1-d3f0a16b-3907-43e4-b725-459b95f873b3/4b73afe6-8111-46e8-8429-c10f987ab2c6.zip?GoogleAccessId=service-705516870157@gcf-admin-robot.iam.gserviceaccount.com&Expires=1625004676&Signature=mWDeH98ObYmmHfM17aEep5N7%2Fw7w54GlLyo0A%2FEOSt89IpdxwwHtqKqFGDjP4ZLBEZCxfZ5Y0btKcuNtaO5GEs0hG4J%2FhWD%2Fq2B9SUwfBnPzTbyWLTFK7VWLf5%2FkZ9qdD3daCyZ01sh2bbL6ccc%2FfI%2FLB3phV6DPTascSrFhlE17GnSEHIHVvH50arCmzg4PB0b5dH6npl7lq%2BS0O1E%2FCsNChGK0a6iy%2BrBF7fNoIBsztP5uCON9RyZQGZIh466COCqAxVCVFYug7oPZflCDtqyOFIsixWL0wxSsoe2XVQ6BMiUtdIvvM6OJyauIBuib3gfKzjJrOROP2CQ5%2BYqWAw%3D%3D","environmentVariables":{"FIREBASE_CONFIG":"{\"projectId\":\"testproject2-73370\",\"storageBucket\":\"testproject2-73370.appspot.com\",\"locationId\":\"us-central\"}"},"runtime":"nodejs14","ingressSettings":"ALLOW_ALL","buildId":"b4506c9e-0e78-46f2-9e13-0b8f8165ea89"},"versionId":"23","updateTime":"2021-06-29T21:43:02Z","buildId":"d3781c76-987d-4e12-ac8b-ce3a13e5f1d3","buildName":"projects/705516870157/locations/us-central1/builds/d3781c76-987d-4e12-ac8b-ce3a13e5f1d3"}}
[debug] [2021-06-29T21:43:05.155Z] [update-projects/testproject2-73370/locations/us-central1/functions/add_log] Retrying task index 0
[debug] [2021-06-29T21:43:05.156Z] >>> [apiv2][query] GET https://cloudfunctions.googleapis.com/v1/operations/dGVzdHByb2plY3QyLTczMzcwL3VzLWNlbnRyYWwxL2FkZF9sb2cvd0hpeWw4eXFpWlk [none]
[debug] [2021-06-29T21:43:05.632Z] <<< [apiv2][status] GET https://cloudfunctions.googleapis.com/v1/operations/dGVzdHByb2plY3QyLTczMzcwL3VzLWNlbnRyYWwxL2FkZF9sb2cvd0hpeWw4eXFpWlk 200
[debug] [2021-06-29T21:43:05.633Z] <<< [apiv2][body] GET https://cloudfunctions.googleapis.com/v1/operations/dGVzdHByb2plY3QyLTczMzcwL3VzLWNlbnRyYWwxL2FkZF9sb2cvd0hpeWw4eXFpWlk {"name":"operations/dGVzdHByb2plY3QyLTczMzcwL3VzLWNlbnRyYWwxL2FkZF9sb2cvd0hpeWw4eXFpWlk","metadata":{"@type":"type.googleapis.com/google.cloud.functions.v1.OperationMetadataV1","target":"projects/testproject2-73370/locations/us-central1/functions/add_log","type":"UPDATE_FUNCTION","request":{"@type":"type.googleapis.com/google.cloud.functions.v1.CloudFunction","name":"projects/testproject2-73370/locations/us-central1/functions/add_log","eventTrigger":{"eventType":"providers/cloud.firestore/eventTypes/document.create","resource":"projects/testproject2-73370/databases/(default)/documents/data/{dataId}","service":"firestore.googleapis.com"},"status":"ACTIVE","entryPoint":"add_log","timeout":"60s","availableMemoryMb":256,"serviceAccountEmail":"testproject2-73370@appspot.gserviceaccount.com","updateTime":"2021-06-29T21:16:25.339Z","versionId":"22","labels":{"deployment-tool":"cli-firebase"},"sourceUploadUrl":"https://storage.googleapis.com/gcf-upload-us-central1-d3f0a16b-3907-43e4-b725-459b95f873b3/4b73afe6-8111-46e8-8429-c10f987ab2c6.zip?GoogleAccessId=service-705516870157@gcf-admin-robot.iam.gserviceaccount.com&Expires=1625004676&Signature=mWDeH98ObYmmHfM17aEep5N7%2Fw7w54GlLyo0A%2FEOSt89IpdxwwHtqKqFGDjP4ZLBEZCxfZ5Y0btKcuNtaO5GEs0hG4J%2FhWD%2Fq2B9SUwfBnPzTbyWLTFK7VWLf5%2FkZ9qdD3daCyZ01sh2bbL6ccc%2FfI%2FLB3phV6DPTascSrFhlE17GnSEHIHVvH50arCmzg4PB0b5dH6npl7lq%2BS0O1E%2FCsNChGK0a6iy%2BrBF7fNoIBsztP5uCON9RyZQGZIh466COCqAxVCVFYug7oPZflCDtqyOFIsixWL0wxSsoe2XVQ6BMiUtdIvvM6OJyauIBuib3gfKzjJrOROP2CQ5%2BYqWAw%3D%3D","environmentVariables":{"FIREBASE_CONFIG":"{\"projectId\":\"testproject2-73370\",\"storageBucket\":\"testproject2-73370.appspot.com\",\"locationId\":\"us-central\"}"},"runtime":"nodejs14","ingressSettings":"ALLOW_ALL","buildId":"b4506c9e-0e78-46f2-9e13-0b8f8165ea89"},"versionId":"23","updateTime":"2021-06-29T21:43:02Z","buildId":"d3781c76-987d-4e12-ac8b-ce3a13e5f1d3","buildName":"projects/705516870157/locations/us-central1/builds/d3781c76-987d-4e12-ac8b-ce3a13e5f1d3"}}
[debug] [2021-06-29T21:43:07.635Z] [update-projects/testproject2-73370/locations/us-central1/functions/add_log] Retrying task index 0
[debug] [2021-06-29T21:43:07.635Z] >>> [apiv2][query] GET https://cloudfunctions.googleapis.com/v1/operations/dGVzdHByb2plY3QyLTczMzcwL3VzLWNlbnRyYWwxL2FkZF9sb2cvd0hpeWw4eXFpWlk [none]
[debug] [2021-06-29T21:43:08.114Z] <<< [apiv2][status] GET https://cloudfunctions.googleapis.com/v1/operations/dGVzdHByb2plY3QyLTczMzcwL3VzLWNlbnRyYWwxL2FkZF9sb2cvd0hpeWw4eXFpWlk 200
[debug] [2021-06-29T21:43:08.115Z] <<< [apiv2][body] GET https://cloudfunctions.googleapis.com/v1/operations/dGVzdHByb2plY3QyLTczMzcwL3VzLWNlbnRyYWwxL2FkZF9sb2cvd0hpeWw4eXFpWlk {"name":"operations/dGVzdHByb2plY3QyLTczMzcwL3VzLWNlbnRyYWwxL2FkZF9sb2cvd0hpeWw4eXFpWlk","metadata":{"@type":"type.googleapis.com/google.cloud.functions.v1.OperationMetadataV1","target":"projects/testproject2-73370/locations/us-central1/functions/add_log","type":"UPDATE_FUNCTION","request":{"@type":"type.googleapis.com/google.cloud.functions.v1.CloudFunction","name":"projects/testproject2-73370/locations/us-central1/functions/add_log","eventTrigger":{"eventType":"providers/cloud.firestore/eventTypes/document.create","resource":"projects/testproject2-73370/databases/(default)/documents/data/{dataId}","service":"firestore.googleapis.com"},"status":"ACTIVE","entryPoint":"add_log","timeout":"60s","availableMemoryMb":256,"serviceAccountEmail":"testproject2-73370@appspot.gserviceaccount.com","updateTime":"2021-06-29T21:16:25.339Z","versionId":"22","labels":{"deployment-tool":"cli-firebase"},"sourceUploadUrl":"https://storage.googleapis.com/gcf-upload-us-central1-d3f0a16b-3907-43e4-b725-459b95f873b3/4b73afe6-8111-46e8-8429-c10f987ab2c6.zip?GoogleAccessId=service-705516870157@gcf-admin-robot.iam.gserviceaccount.com&Expires=1625004676&Signature=mWDeH98ObYmmHfM17aEep5N7%2Fw7w54GlLyo0A%2FEOSt89IpdxwwHtqKqFGDjP4ZLBEZCxfZ5Y0btKcuNtaO5GEs0hG4J%2FhWD%2Fq2B9SUwfBnPzTbyWLTFK7VWLf5%2FkZ9qdD3daCyZ01sh2bbL6ccc%2FfI%2FLB3phV6DPTascSrFhlE17GnSEHIHVvH50arCmzg4PB0b5dH6npl7lq%2BS0O1E%2FCsNChGK0a6iy%2BrBF7fNoIBsztP5uCON9RyZQGZIh466COCqAxVCVFYug7oPZflCDtqyOFIsixWL0wxSsoe2XVQ6BMiUtdIvvM6OJyauIBuib3gfKzjJrOROP2CQ5%2BYqWAw%3D%3D","environmentVariables":{"FIREBASE_CONFIG":"{\"projectId\":\"testproject2-73370\",\"storageBucket\":\"testproject2-73370.appspot.com\",\"locationId\":\"us-central\"}"},"runtime":"nodejs14","ingressSettings":"ALLOW_ALL","buildId":"b4506c9e-0e78-46f2-9e13-0b8f8165ea89"},"versionId":"23","updateTime":"2021-06-29T21:43:02Z","buildId":"d3781c76-987d-4e12-ac8b-ce3a13e5f1d3","buildName":"projects/705516870157/locations/us-central1/builds/d3781c76-987d-4e12-ac8b-ce3a13e5f1d3"}}
[debug] [2021-06-29T21:43:12.116Z] [update-projects/testproject2-73370/locations/us-central1/functions/add_log] Retrying task index 0
[debug] [2021-06-29T21:43:12.117Z] >>> [apiv2][query] GET https://cloudfunctions.googleapis.com/v1/operations/dGVzdHByb2plY3QyLTczMzcwL3VzLWNlbnRyYWwxL2FkZF9sb2cvd0hpeWw4eXFpWlk [none]
[debug] [2021-06-29T21:43:12.570Z] <<< [apiv2][status] GET https://cloudfunctions.googleapis.com/v1/operations/dGVzdHByb2plY3QyLTczMzcwL3VzLWNlbnRyYWwxL2FkZF9sb2cvd0hpeWw4eXFpWlk 200
[debug] [2021-06-29T21:43:12.570Z] <<< [apiv2][body] GET https://cloudfunctions.googleapis.com/v1/operations/dGVzdHByb2plY3QyLTczMzcwL3VzLWNlbnRyYWwxL2FkZF9sb2cvd0hpeWw4eXFpWlk {"name":"operations/dGVzdHByb2plY3QyLTczMzcwL3VzLWNlbnRyYWwxL2FkZF9sb2cvd0hpeWw4eXFpWlk","metadata":{"@type":"type.googleapis.com/google.cloud.functions.v1.OperationMetadataV1","target":"projects/testproject2-73370/locations/us-central1/functions/add_log","type":"UPDATE_FUNCTION","request":{"@type":"type.googleapis.com/google.cloud.functions.v1.CloudFunction","name":"projects/testproject2-73370/locations/us-central1/functions/add_log","eventTrigger":{"eventType":"providers/cloud.firestore/eventTypes/document.create","resource":"projects/testproject2-73370/databases/(default)/documents/data/{dataId}","service":"firestore.googleapis.com"},"status":"ACTIVE","entryPoint":"add_log","timeout":"60s","availableMemoryMb":256,"serviceAccountEmail":"testproject2-73370@appspot.gserviceaccount.com","updateTime":"2021-06-29T21:16:25.339Z","versionId":"22","labels":{"deployment-tool":"cli-firebase"},"sourceUploadUrl":"https://storage.googleapis.com/gcf-upload-us-central1-d3f0a16b-3907-43e4-b725-459b95f873b3/4b73afe6-8111-46e8-8429-c10f987ab2c6.zip?GoogleAccessId=service-705516870157@gcf-admin-robot.iam.gserviceaccount.com&Expires=1625004676&Signature=mWDeH98ObYmmHfM17aEep5N7%2Fw7w54GlLyo0A%2FEOSt89IpdxwwHtqKqFGDjP4ZLBEZCxfZ5Y0btKcuNtaO5GEs0hG4J%2FhWD%2Fq2B9SUwfBnPzTbyWLTFK7VWLf5%2FkZ9qdD3daCyZ01sh2bbL6ccc%2FfI%2FLB3phV6DPTascSrFhlE17GnSEHIHVvH50arCmzg4PB0b5dH6npl7lq%2BS0O1E%2FCsNChGK0a6iy%2BrBF7fNoIBsztP5uCON9RyZQGZIh466COCqAxVCVFYug7oPZflCDtqyOFIsixWL0wxSsoe2XVQ6BMiUtdIvvM6OJyauIBuib3gfKzjJrOROP2CQ5%2BYqWAw%3D%3D","environmentVariables":{"FIREBASE_CONFIG":"{\"projectId\":\"testproject2-73370\",\"storageBucket\":\"testproject2-73370.appspot.com\",\"locationId\":\"us-central\"}"},"runtime":"nodejs14","ingressSettings":"ALLOW_ALL","buildId":"b4506c9e-0e78-46f2-9e13-0b8f8165ea89"},"versionId":"23","updateTime":"2021-06-29T21:43:02Z","buildId":"d3781c76-987d-4e12-ac8b-ce3a13e5f1d3","buildName":"projects/705516870157/locations/us-central1/builds/d3781c76-987d-4e12-ac8b-ce3a13e5f1d3"}}
